<?xml version="1.0" encoding="UTF-8"?>
<testsuite name="models.LoanTest" tests="1" skipped="0" failures="0" errors="0" timestamp="2024-11-29T12:33:29" hostname="JARVIS" time="0.014">
  <properties/>
  <testcase name="testDueDate()" classname="models.LoanTest" time="0.014"/>
  <system-out><![CDATA[]]></system-out>
  <system-err><![CDATA[]]></system-err>
</testsuite>
